Classic Timing Analyzer report for Hw1
Fri Nov 03 22:57:15 2017
Quartus II Version 9.0 Build 235 06/17/2009 Service Pack 2 SJ Web Edition


---------------------
; Table of Contents ;
---------------------
  1. Legal Notice
  2. Timing Analyzer Summary
  3. Timing Analyzer Settings
  4. Parallel Compilation
  5. tpd
  6. Timing Analyzer Messages



----------------
; Legal Notice ;
----------------
Copyright (C) 1991-2009 Altera Corporation
Your use of Altera Corporation's design tools, logic functions 
and other software and tools, and its AMPP partner logic 
functions, and any output files from any of the foregoing 
(including device programming or simulation files), and any 
associated documentation or information are expressly subject 
to the terms and conditions of the Altera Program License 
Subscription Agreement, Altera MegaCore Function License 
Agreement, or other applicable license agreement, including, 
without limitation, that your use is for the sole purpose of 
programming logic devices manufactured by Altera and sold by 
Altera or its authorized distributors.  Please refer to the 
applicable agreement for further details.



+-------------------------------------------------------------------------------------------------------------------------+
; Timing Analyzer Summary                                                                                                 ;
+------------------------------+-------+---------------+-------------+------+------+------------+----------+--------------+
; Type                         ; Slack ; Required Time ; Actual Time ; From ; To   ; From Clock ; To Clock ; Failed Paths ;
+------------------------------+-------+---------------+-------------+------+------+------------+----------+--------------+
; Worst-case tpd               ; N/A   ; None          ; 15.955 ns   ; A[3] ; Y[0] ; --         ; --       ; 0            ;
; Total number of failed paths ;       ;               ;             ;      ;      ;            ;          ; 0            ;
+------------------------------+-------+---------------+-------------+------+------+------------+----------+--------------+


+--------------------------------------------------------------------------------------------------------------------+
; Timing Analyzer Settings                                                                                           ;
+---------------------------------------------------------------------+--------------------+------+----+-------------+
; Option                                                              ; Setting            ; From ; To ; Entity Name ;
+---------------------------------------------------------------------+--------------------+------+----+-------------+
; Device Name                                                         ; EP2S15F484C3       ;      ;    ;             ;
; Timing Models                                                       ; Final              ;      ;    ;             ;
; Default hold multicycle                                             ; Same as Multicycle ;      ;    ;             ;
; Cut paths between unrelated clock domains                           ; On                 ;      ;    ;             ;
; Cut off read during write signal paths                              ; On                 ;      ;    ;             ;
; Cut off feedback from I/O pins                                      ; On                 ;      ;    ;             ;
; Report Combined Fast/Slow Timing                                    ; Off                ;      ;    ;             ;
; Ignore Clock Settings                                               ; Off                ;      ;    ;             ;
; Analyze latches as synchronous elements                             ; On                 ;      ;    ;             ;
; Enable Recovery/Removal analysis                                    ; Off                ;      ;    ;             ;
; Enable Clock Latency                                                ; Off                ;      ;    ;             ;
; Use TimeQuest Timing Analyzer                                       ; Off                ;      ;    ;             ;
; Number of source nodes to report per destination node               ; 10                 ;      ;    ;             ;
; Number of destination nodes to report                               ; 10                 ;      ;    ;             ;
; Number of paths to report                                           ; 200                ;      ;    ;             ;
; Report Minimum Timing Checks                                        ; Off                ;      ;    ;             ;
; Use Fast Timing Models                                              ; Off                ;      ;    ;             ;
; Report IO Paths Separately                                          ; Off                ;      ;    ;             ;
; Perform Multicorner Analysis                                        ; On                 ;      ;    ;             ;
; Reports the worst-case path for each clock domain and analysis      ; Off                ;      ;    ;             ;
; Removes common clock path pessimism (CCPP) during slack computation ; Off                ;      ;    ;             ;
; Output I/O Timing Endpoint                                          ; Near End           ;      ;    ;             ;
+---------------------------------------------------------------------+--------------------+------+----+-------------+


Parallel compilation was disabled, but you have multiple processors available. Enable parallel compilation to reduce compilation time.
+-------------------------------------+
; Parallel Compilation                ;
+----------------------------+--------+
; Processors                 ; Number ;
+----------------------------+--------+
; Number detected on machine ; 2      ;
; Maximum allowed            ; 1      ;
+----------------------------+--------+


+-----------------------------------------------------------+
; tpd                                                       ;
+-------+-------------------+-----------------+------+------+
; Slack ; Required P2P Time ; Actual P2P Time ; From ; To   ;
+-------+-------------------+-----------------+------+------+
; N/A   ; None              ; 15.955 ns       ; A[3] ; Y[0] ;
; N/A   ; None              ; 15.416 ns       ; B[1] ; Y[0] ;
; N/A   ; None              ; 15.317 ns       ; A[5] ; Y[0] ;
; N/A   ; None              ; 15.292 ns       ; A[3] ; Y[1] ;
; N/A   ; None              ; 15.264 ns       ; A[4] ; Y[0] ;
; N/A   ; None              ; 15.239 ns       ; B[5] ; Y[0] ;
; N/A   ; None              ; 15.074 ns       ; B[3] ; Y[0] ;
; N/A   ; None              ; 15.033 ns       ; B[2] ; Y[0] ;
; N/A   ; None              ; 15.025 ns       ; A[3] ; Y[4] ;
; N/A   ; None              ; 15.000 ns       ; B[0] ; Y[0] ;
; N/A   ; None              ; 14.982 ns       ; A[1] ; Y[0] ;
; N/A   ; None              ; 14.935 ns       ; A[3] ; Y[3] ;
; N/A   ; None              ; 14.891 ns       ; A[0] ; Y[0] ;
; N/A   ; None              ; 14.880 ns       ; B[4] ; Y[0] ;
; N/A   ; None              ; 14.832 ns       ; A[3] ; Y[5] ;
; N/A   ; None              ; 14.753 ns       ; B[1] ; Y[1] ;
; N/A   ; None              ; 14.654 ns       ; A[5] ; Y[1] ;
; N/A   ; None              ; 14.601 ns       ; A[4] ; Y[1] ;
; N/A   ; None              ; 14.576 ns       ; B[5] ; Y[1] ;
; N/A   ; None              ; 14.532 ns       ; A[2] ; Y[0] ;
; N/A   ; None              ; 14.486 ns       ; B[1] ; Y[4] ;
; N/A   ; None              ; 14.411 ns       ; B[3] ; Y[1] ;
; N/A   ; None              ; 14.396 ns       ; B[1] ; Y[3] ;
; N/A   ; None              ; 14.387 ns       ; A[5] ; Y[4] ;
; N/A   ; None              ; 14.370 ns       ; B[2] ; Y[1] ;
; N/A   ; None              ; 14.337 ns       ; B[0] ; Y[1] ;
; N/A   ; None              ; 14.334 ns       ; A[4] ; Y[4] ;
; N/A   ; None              ; 14.319 ns       ; A[1] ; Y[1] ;
; N/A   ; None              ; 14.309 ns       ; B[5] ; Y[4] ;
; N/A   ; None              ; 14.297 ns       ; A[5] ; Y[3] ;
; N/A   ; None              ; 14.293 ns       ; B[1] ; Y[5] ;
; N/A   ; None              ; 14.244 ns       ; A[4] ; Y[3] ;
; N/A   ; None              ; 14.228 ns       ; A[0] ; Y[1] ;
; N/A   ; None              ; 14.219 ns       ; B[5] ; Y[3] ;
; N/A   ; None              ; 14.217 ns       ; B[4] ; Y[1] ;
; N/A   ; None              ; 14.194 ns       ; A[5] ; Y[5] ;
; N/A   ; None              ; 14.144 ns       ; B[3] ; Y[4] ;
; N/A   ; None              ; 14.141 ns       ; A[4] ; Y[5] ;
; N/A   ; None              ; 14.116 ns       ; B[5] ; Y[5] ;
; N/A   ; None              ; 14.103 ns       ; B[2] ; Y[4] ;
; N/A   ; None              ; 14.070 ns       ; B[0] ; Y[4] ;
; N/A   ; None              ; 14.054 ns       ; B[3] ; Y[3] ;
; N/A   ; None              ; 14.052 ns       ; A[1] ; Y[4] ;
; N/A   ; None              ; 14.048 ns       ; A[3] ; Y[2] ;
; N/A   ; None              ; 14.013 ns       ; B[2] ; Y[3] ;
; N/A   ; None              ; 13.980 ns       ; B[0] ; Y[3] ;
; N/A   ; None              ; 13.962 ns       ; A[1] ; Y[3] ;
; N/A   ; None              ; 13.961 ns       ; A[0] ; Y[4] ;
; N/A   ; None              ; 13.951 ns       ; B[3] ; Y[5] ;
; N/A   ; None              ; 13.950 ns       ; B[4] ; Y[4] ;
; N/A   ; None              ; 13.910 ns       ; B[2] ; Y[5] ;
; N/A   ; None              ; 13.877 ns       ; B[0] ; Y[5] ;
; N/A   ; None              ; 13.871 ns       ; A[0] ; Y[3] ;
; N/A   ; None              ; 13.869 ns       ; A[2] ; Y[1] ;
; N/A   ; None              ; 13.860 ns       ; B[4] ; Y[3] ;
; N/A   ; None              ; 13.859 ns       ; A[1] ; Y[5] ;
; N/A   ; None              ; 13.768 ns       ; A[0] ; Y[5] ;
; N/A   ; None              ; 13.757 ns       ; B[4] ; Y[5] ;
; N/A   ; None              ; 13.602 ns       ; A[2] ; Y[4] ;
; N/A   ; None              ; 13.512 ns       ; A[2] ; Y[3] ;
; N/A   ; None              ; 13.509 ns       ; B[1] ; Y[2] ;
; N/A   ; None              ; 13.410 ns       ; A[5] ; Y[2] ;
; N/A   ; None              ; 13.409 ns       ; A[2] ; Y[5] ;
; N/A   ; None              ; 13.388 ns       ; S[1] ; Y[0] ;
; N/A   ; None              ; 13.357 ns       ; A[4] ; Y[2] ;
; N/A   ; None              ; 13.332 ns       ; B[5] ; Y[2] ;
; N/A   ; None              ; 13.263 ns       ; S[0] ; Y[0] ;
; N/A   ; None              ; 13.167 ns       ; B[3] ; Y[2] ;
; N/A   ; None              ; 13.126 ns       ; B[2] ; Y[2] ;
; N/A   ; None              ; 13.093 ns       ; B[0] ; Y[2] ;
; N/A   ; None              ; 13.075 ns       ; A[1] ; Y[2] ;
; N/A   ; None              ; 12.984 ns       ; A[0] ; Y[2] ;
; N/A   ; None              ; 12.973 ns       ; B[4] ; Y[2] ;
; N/A   ; None              ; 12.923 ns       ; C[4] ; Y[0] ;
; N/A   ; None              ; 12.826 ns       ; C[5] ; Y[0] ;
; N/A   ; None              ; 12.725 ns       ; S[1] ; Y[1] ;
; N/A   ; None              ; 12.625 ns       ; A[2] ; Y[2] ;
; N/A   ; None              ; 12.600 ns       ; S[0] ; Y[1] ;
; N/A   ; None              ; 12.458 ns       ; S[1] ; Y[4] ;
; N/A   ; None              ; 12.368 ns       ; S[1] ; Y[3] ;
; N/A   ; None              ; 12.333 ns       ; S[0] ; Y[4] ;
; N/A   ; None              ; 12.265 ns       ; S[1] ; Y[5] ;
; N/A   ; None              ; 12.260 ns       ; C[4] ; Y[1] ;
; N/A   ; None              ; 12.243 ns       ; S[0] ; Y[3] ;
; N/A   ; None              ; 12.163 ns       ; C[5] ; Y[1] ;
; N/A   ; None              ; 12.140 ns       ; S[0] ; Y[5] ;
; N/A   ; None              ; 11.993 ns       ; C[4] ; Y[4] ;
; N/A   ; None              ; 11.903 ns       ; C[4] ; Y[3] ;
; N/A   ; None              ; 11.896 ns       ; C[5] ; Y[4] ;
; N/A   ; None              ; 11.806 ns       ; C[5] ; Y[3] ;
; N/A   ; None              ; 11.800 ns       ; C[4] ; Y[5] ;
; N/A   ; None              ; 11.790 ns       ; C[0] ; Y[0] ;
; N/A   ; None              ; 11.703 ns       ; C[5] ; Y[5] ;
; N/A   ; None              ; 11.555 ns       ; C[2] ; Y[0] ;
; N/A   ; None              ; 11.512 ns       ; C[1] ; Y[0] ;
; N/A   ; None              ; 11.481 ns       ; S[1] ; Y[2] ;
; N/A   ; None              ; 11.406 ns       ; C[3] ; Y[0] ;
; N/A   ; None              ; 11.356 ns       ; S[0] ; Y[2] ;
; N/A   ; None              ; 11.274 ns       ; C[0] ; Y[1] ;
; N/A   ; None              ; 11.150 ns       ; C[0] ; Y[5] ;
; N/A   ; None              ; 11.087 ns       ; C[0] ; Y[4] ;
; N/A   ; None              ; 11.016 ns       ; C[4] ; Y[2] ;
; N/A   ; None              ; 10.919 ns       ; C[5] ; Y[2] ;
; N/A   ; None              ; 10.898 ns       ; C[0] ; Y[3] ;
; N/A   ; None              ; 10.892 ns       ; C[2] ; Y[1] ;
; N/A   ; None              ; 10.849 ns       ; C[1] ; Y[1] ;
; N/A   ; None              ; 10.743 ns       ; C[3] ; Y[1] ;
; N/A   ; None              ; 10.728 ns       ; C[2] ; Y[5] ;
; N/A   ; None              ; 10.685 ns       ; C[1] ; Y[5] ;
; N/A   ; None              ; 10.665 ns       ; C[2] ; Y[4] ;
; N/A   ; None              ; 10.622 ns       ; C[1] ; Y[4] ;
; N/A   ; None              ; 10.535 ns       ; C[2] ; Y[3] ;
; N/A   ; None              ; 10.492 ns       ; C[1] ; Y[3] ;
; N/A   ; None              ; 10.476 ns       ; C[3] ; Y[4] ;
; N/A   ; None              ; 10.429 ns       ; C[3] ; Y[5] ;
; N/A   ; None              ; 10.386 ns       ; C[3] ; Y[3] ;
; N/A   ; None              ; 9.887 ns        ; C[0] ; Y[2] ;
; N/A   ; None              ; 9.648 ns        ; C[2] ; Y[2] ;
; N/A   ; None              ; 9.605 ns        ; C[1] ; Y[2] ;
; N/A   ; None              ; 9.499 ns        ; C[3] ; Y[2] ;
+-------+-------------------+-----------------+------+------+


+--------------------------+
; Timing Analyzer Messages ;
+--------------------------+
Info: *******************************************************************
Info: Running Quartus II Classic Timing Analyzer
    Info: Version 9.0 Build 235 06/17/2009 Service Pack 2 SJ Web Edition
    Info: Processing started: Fri Nov 03 22:57:13 2017
Info: Command: quartus_tan --read_settings_files=off --write_settings_files=off Hw1 -c Hw1 --timing_analysis_only
Info: Longest tpd from source pin "A[3]" to destination pin "Y[0]" is 15.955 ns
    Info: 1: + IC(0.000 ns) + CELL(0.820 ns) = 0.820 ns; Loc. = PIN_V18; Fanout = 9; PIN Node = 'A[3]'
    Info: 2: + IC(5.052 ns) + CELL(0.357 ns) = 6.229 ns; Loc. = LCCOMB_X19_Y9_N0; Fanout = 5; COMB Node = 'LessThan0~1'
    Info: 3: + IC(1.896 ns) + CELL(0.357 ns) = 8.482 ns; Loc. = LCCOMB_X29_Y6_N28; Fanout = 2; COMB Node = 'output~26'
    Info: 4: + IC(0.676 ns) + CELL(0.378 ns) = 9.536 ns; Loc. = LCCOMB_X29_Y7_N30; Fanout = 2; COMB Node = 'Y~18'
    Info: 5: + IC(0.203 ns) + CELL(0.053 ns) = 9.792 ns; Loc. = LCCOMB_X29_Y7_N18; Fanout = 6; COMB Node = 'Y~21'
    Info: 6: + IC(0.263 ns) + CELL(0.346 ns) = 10.401 ns; Loc. = LCCOMB_X29_Y7_N26; Fanout = 1; COMB Node = 'Y~23'
    Info: 7: + IC(0.756 ns) + CELL(0.272 ns) = 11.429 ns; Loc. = LCCOMB_X29_Y3_N2; Fanout = 1; COMB Node = 'Y~24'
    Info: 8: + IC(2.544 ns) + CELL(1.982 ns) = 15.955 ns; Loc. = PIN_D3; Fanout = 0; PIN Node = 'Y[0]'
    Info: Total cell delay = 4.565 ns ( 28.61 % )
    Info: Total interconnect delay = 11.390 ns ( 71.39 % )
Info: Quartus II Classic Timing Analyzer was successful. 0 errors, 0 warnings
    Info: Peak virtual memory: 206 megabytes
    Info: Processing ended: Fri Nov 03 22:57:15 2017
    Info: Elapsed time: 00:00:02
    Info: Total CPU time (on all processors): 00:00:00


