Analysis & Synthesis report for Hw1
Fri Nov 03 22:56:44 2017
Quartus II Version 9.0 Build 235 06/17/2009 Service Pack 2 SJ Web Edition


---------------------
; Table of Contents ;
---------------------
  1. Legal Notice
  2. Analysis & Synthesis Summary
  3. Analysis & Synthesis Settings
  4. Analysis & Synthesis Source Files Read
  5. Analysis & Synthesis Resource Usage Summary
  6. Analysis & Synthesis Resource Utilization by Entity
  7. General Register Statistics
  8. Multiplexer Restructuring Statistics (Restructuring Performed)
  9. Parameter Settings for Inferred Entity Instance: lpm_mult:Mult0
 10. lpm_mult Parameter Settings by Entity Instance
 11. Analysis & Synthesis Messages



----------------
; Legal Notice ;
----------------
Copyright (C) 1991-2009 Altera Corporation
Your use of Altera Corporation's design tools, logic functions 
and other software and tools, and its AMPP partner logic 
functions, and any output files from any of the foregoing 
(including device programming or simulation files), and any 
associated documentation or information are expressly subject 
to the terms and conditions of the Altera Program License 
Subscription Agreement, Altera MegaCore Function License 
Agreement, or other applicable license agreement, including, 
without limitation, that your use is for the sole purpose of 
programming logic devices manufactured by Altera and sold by 
Altera or its authorized distributors.  Please refer to the 
applicable agreement for further details.



+------------------------------------------------------------------------------+
; Analysis & Synthesis Summary                                                 ;
+-------------------------------+----------------------------------------------+
; Analysis & Synthesis Status   ; Successful - Fri Nov 03 22:56:44 2017        ;
; Quartus II Version            ; 9.0 Build 235 06/17/2009 SP 2 SJ Web Edition ;
; Revision Name                 ; Hw1                                          ;
; Top-level Entity Name         ; Hw1                                          ;
; Family                        ; Stratix II                                   ;
; Logic utilization             ; N/A                                          ;
;     Combinational ALUTs       ; 58                                           ;
;     Dedicated logic registers ; 0                                            ;
; Total registers               ; 0                                            ;
; Total pins                    ; 26                                           ;
; Total virtual pins            ; 0                                            ;
; Total block memory bits       ; 0                                            ;
; DSP block 9-bit elements      ; 0                                            ;
; Total PLLs                    ; 0                                            ;
; Total DLLs                    ; 0                                            ;
+-------------------------------+----------------------------------------------+


+--------------------------------------------------------------------------------------------------------+
; Analysis & Synthesis Settings                                                                          ;
+--------------------------------------------------------------+--------------------+--------------------+
; Option                                                       ; Setting            ; Default Value      ;
+--------------------------------------------------------------+--------------------+--------------------+
; Top-level entity name                                        ; Hw1                ; Hw1                ;
; Family name                                                  ; Stratix II         ; Stratix II         ;
; Use Generated Physical Constraints File                      ; Off                ;                    ;
; Use smart compilation                                        ; Off                ; Off                ;
; Restructure Multiplexers                                     ; Auto               ; Auto               ;
; Create Debugging Nodes for IP Cores                          ; Off                ; Off                ;
; Preserve fewer node names                                    ; On                 ; On                 ;
; Disable OpenCore Plus hardware evaluation                    ; Off                ; Off                ;
; Verilog Version                                              ; Verilog_2001       ; Verilog_2001       ;
; VHDL Version                                                 ; VHDL93             ; VHDL93             ;
; State Machine Processing                                     ; Auto               ; Auto               ;
; Safe State Machine                                           ; Off                ; Off                ;
; Extract Verilog State Machines                               ; On                 ; On                 ;
; Extract VHDL State Machines                                  ; On                 ; On                 ;
; Ignore Verilog initial constructs                            ; Off                ; Off                ;
; Iteration limit for constant Verilog loops                   ; 5000               ; 5000               ;
; Iteration limit for non-constant Verilog loops               ; 250                ; 250                ;
; Add Pass-Through Logic to Inferred RAMs                      ; On                 ; On                 ;
; Parallel Synthesis                                           ; Off                ; Off                ;
; DSP Block Balancing                                          ; Auto               ; Auto               ;
; NOT Gate Push-Back                                           ; On                 ; On                 ;
; Power-Up Don't Care                                          ; On                 ; On                 ;
; Remove Redundant Logic Cells                                 ; Off                ; Off                ;
; Remove Duplicate Registers                                   ; On                 ; On                 ;
; Ignore CARRY Buffers                                         ; Off                ; Off                ;
; Ignore CASCADE Buffers                                       ; Off                ; Off                ;
; Ignore GLOBAL Buffers                                        ; Off                ; Off                ;
; Ignore ROW GLOBAL Buffers                                    ; Off                ; Off                ;
; Ignore LCELL Buffers                                         ; Off                ; Off                ;
; Ignore SOFT Buffers                                          ; On                 ; On                 ;
; Limit AHDL Integers to 32 Bits                               ; Off                ; Off                ;
; Optimization Technique                                       ; Balanced           ; Balanced           ;
; Carry Chain Length                                           ; 70                 ; 70                 ;
; Auto Carry Chains                                            ; On                 ; On                 ;
; Auto Open-Drain Pins                                         ; On                 ; On                 ;
; Perform WYSIWYG Primitive Resynthesis                        ; Off                ; Off                ;
; Auto ROM Replacement                                         ; On                 ; On                 ;
; Auto RAM Replacement                                         ; On                 ; On                 ;
; Auto DSP Block Replacement                                   ; On                 ; On                 ;
; Auto Shift Register Replacement                              ; Auto               ; Auto               ;
; Auto Clock Enable Replacement                                ; On                 ; On                 ;
; Strict RAM Replacement                                       ; Off                ; Off                ;
; Allow Synchronous Control Signals                            ; On                 ; On                 ;
; Force Use of Synchronous Clear Signals                       ; Off                ; Off                ;
; Auto RAM Block Balancing                                     ; On                 ; On                 ;
; Auto RAM to Logic Cell Conversion                            ; Off                ; Off                ;
; Auto Resource Sharing                                        ; Off                ; Off                ;
; Allow Any RAM Size For Recognition                           ; Off                ; Off                ;
; Allow Any ROM Size For Recognition                           ; Off                ; Off                ;
; Allow Any Shift Register Size For Recognition                ; Off                ; Off                ;
; Use LogicLock Constraints during Resource Balancing          ; On                 ; On                 ;
; Ignore translate_off and synthesis_off directives            ; Off                ; Off                ;
; Timing-Driven Synthesis                                      ; Off                ; Off                ;
; Show Parameter Settings Tables in Synthesis Report           ; On                 ; On                 ;
; Ignore Maximum Fan-Out Assignments                           ; Off                ; Off                ;
; Synchronization Register Chain Length                        ; 2                  ; 2                  ;
; PowerPlay Power Optimization                                 ; Normal compilation ; Normal compilation ;
; HDL message level                                            ; Level2             ; Level2             ;
; Suppress Register Optimization Related Messages              ; Off                ; Off                ;
; Number of Removed Registers Reported in Synthesis Report     ; 100                ; 100                ;
; Number of Inverted Registers Reported in Synthesis Report    ; 100                ; 100                ;
; Clock MUX Protection                                         ; On                 ; On                 ;
; Auto Gated Clock Conversion                                  ; Off                ; Off                ;
; Block Design Naming                                          ; Auto               ; Auto               ;
; SDC constraint protection                                    ; Off                ; Off                ;
; Synthesis Effort                                             ; Auto               ; Auto               ;
; Shift Register Replacement - Allow Asynchronous Clear Signal ; On                 ; On                 ;
; Analysis & Synthesis Message Level                           ; Medium             ; Medium             ;
+--------------------------------------------------------------+--------------------+--------------------+


+-------------------------------------------------------------------------------------------------------------------------------------------------------------+
; Analysis & Synthesis Source Files Read                                                                                                                      ;
+----------------------------------+-----------------+------------------------------+-------------------------------------------------------------------------+
; File Name with User-Entered Path ; Used in Netlist ; File Type                    ; File Name with Absolute Path                                            ;
+----------------------------------+-----------------+------------------------------+-------------------------------------------------------------------------+
; Hw1.vhd                          ; yes             ; User VHDL File               ; C:/Users/wang/OneDrive/106-1/VLSI/Hw1/code/Hw1.vhd                      ;
; lpm_mult.tdf                     ; yes             ; Megafunction                 ; c:/altera/90sp2/quartus/libraries/megafunctions/lpm_mult.tdf            ;
; aglobal90.inc                    ; yes             ; Megafunction                 ; c:/altera/90sp2/quartus/libraries/megafunctions/aglobal90.inc           ;
; lpm_add_sub.inc                  ; yes             ; Megafunction                 ; c:/altera/90sp2/quartus/libraries/megafunctions/lpm_add_sub.inc         ;
; multcore.inc                     ; yes             ; Megafunction                 ; c:/altera/90sp2/quartus/libraries/megafunctions/multcore.inc            ;
; bypassff.inc                     ; yes             ; Megafunction                 ; c:/altera/90sp2/quartus/libraries/megafunctions/bypassff.inc            ;
; altshift.inc                     ; yes             ; Megafunction                 ; c:/altera/90sp2/quartus/libraries/megafunctions/altshift.inc            ;
; multcore.tdf                     ; yes             ; Megafunction                 ; c:/altera/90sp2/quartus/libraries/megafunctions/multcore.tdf            ;
; csa_add.inc                      ; yes             ; Megafunction                 ; c:/altera/90sp2/quartus/libraries/megafunctions/csa_add.inc             ;
; mpar_add.inc                     ; yes             ; Megafunction                 ; c:/altera/90sp2/quartus/libraries/megafunctions/mpar_add.inc            ;
; muleabz.inc                      ; yes             ; Megafunction                 ; c:/altera/90sp2/quartus/libraries/megafunctions/muleabz.inc             ;
; mul_lfrg.inc                     ; yes             ; Megafunction                 ; c:/altera/90sp2/quartus/libraries/megafunctions/mul_lfrg.inc            ;
; mul_boothc.inc                   ; yes             ; Megafunction                 ; c:/altera/90sp2/quartus/libraries/megafunctions/mul_boothc.inc          ;
; alt_ded_mult.inc                 ; yes             ; Megafunction                 ; c:/altera/90sp2/quartus/libraries/megafunctions/alt_ded_mult.inc        ;
; alt_ded_mult_y.inc               ; yes             ; Megafunction                 ; c:/altera/90sp2/quartus/libraries/megafunctions/alt_ded_mult_y.inc      ;
; dffpipe.inc                      ; yes             ; Megafunction                 ; c:/altera/90sp2/quartus/libraries/megafunctions/dffpipe.inc             ;
; mpar_add.tdf                     ; yes             ; Megafunction                 ; c:/altera/90sp2/quartus/libraries/megafunctions/mpar_add.tdf            ;
; lpm_add_sub.tdf                  ; yes             ; Megafunction                 ; c:/altera/90sp2/quartus/libraries/megafunctions/lpm_add_sub.tdf         ;
; addcore.inc                      ; yes             ; Megafunction                 ; c:/altera/90sp2/quartus/libraries/megafunctions/addcore.inc             ;
; look_add.inc                     ; yes             ; Megafunction                 ; c:/altera/90sp2/quartus/libraries/megafunctions/look_add.inc            ;
; alt_stratix_add_sub.inc          ; yes             ; Megafunction                 ; c:/altera/90sp2/quartus/libraries/megafunctions/alt_stratix_add_sub.inc ;
; alt_mercury_add_sub.inc          ; yes             ; Megafunction                 ; c:/altera/90sp2/quartus/libraries/megafunctions/alt_mercury_add_sub.inc ;
; db/add_sub_28h.tdf               ; yes             ; Auto-Generated Megafunction  ; C:/Users/wang/OneDrive/106-1/VLSI/Hw1/code/db/add_sub_28h.tdf           ;
; db/add_sub_38h.tdf               ; yes             ; Auto-Generated Megafunction  ; C:/Users/wang/OneDrive/106-1/VLSI/Hw1/code/db/add_sub_38h.tdf           ;
; altshift.tdf                     ; yes             ; Megafunction                 ; c:/altera/90sp2/quartus/libraries/megafunctions/altshift.tdf            ;
+----------------------------------+-----------------+------------------------------+-------------------------------------------------------------------------+


+----------------------------------------------------------+
; Analysis & Synthesis Resource Usage Summary              ;
+-----------------------------------------------+----------+
; Resource                                      ; Usage    ;
+-----------------------------------------------+----------+
; Estimated ALUTs Used                          ; 58       ;
; Dedicated logic registers                     ; 0        ;
;                                               ;          ;
; Estimated ALUTs Unavailable                   ; 6        ;
;                                               ;          ;
; Total combinational functions                 ; 58       ;
; Combinational ALUT usage by number of inputs  ;          ;
;     -- 7 input functions                      ; 0        ;
;     -- 6 input functions                      ; 12       ;
;     -- 5 input functions                      ; 11       ;
;     -- 4 input functions                      ; 8        ;
;     -- <=3 input functions                    ; 27       ;
;                                               ;          ;
; Combinational ALUTs by mode                   ;          ;
;     -- normal mode                            ; 44       ;
;     -- extended LUT mode                      ; 0        ;
;     -- arithmetic mode                        ; 14       ;
;     -- shared arithmetic mode                 ; 0        ;
;                                               ;          ;
; Estimated ALUT/register pairs used            ; 58       ;
;                                               ;          ;
; Total registers                               ; 0        ;
;     -- Dedicated logic registers              ; 0        ;
;     -- I/O registers                          ; 0        ;
;                                               ;          ;
; Estimated ALMs:  partially or completely used ; 29       ;
;                                               ;          ;
; I/O pins                                      ; 26       ;
; Maximum fan-out node                          ; Equal0~0 ;
; Maximum fan-out                               ; 9        ;
; Total fan-out                                 ; 226      ;
; Average fan-out                               ; 2.69     ;
+-----------------------------------------------+----------+


+---------------------------------------------------------------------------------------------------------------------------------------------------------------------------------------------------------------------------------------------------------------------------------------------------------------------------+
; Analysis & Synthesis Resource Utilization by Entity                                                                                                                                                                                                                                                                       ;
+------------------------------------------------+-------------------+--------------+-------------------+--------------+---------+-----------+-----------+------+--------------+-----------------------------------------------------------------------------------------------------------------------------+--------------+
; Compilation Hierarchy Node                     ; LC Combinationals ; LC Registers ; Block Memory Bits ; DSP Elements ; DSP 9x9 ; DSP 18x18 ; DSP 36x36 ; Pins ; Virtual Pins ; Full Hierarchy Name                                                                                                         ; Library Name ;
+------------------------------------------------+-------------------+--------------+-------------------+--------------+---------+-----------+-----------+------+--------------+-----------------------------------------------------------------------------------------------------------------------------+--------------+
; |Hw1                                           ; 58 (41)           ; 0 (0)        ; 0                 ; 0            ; 0       ; 0         ; 0         ; 26   ; 0            ; |Hw1                                                                                                                        ; work         ;
;    |lpm_mult:Mult0|                            ; 17 (0)            ; 0 (0)        ; 0                 ; 0            ; 0       ; 0         ; 0         ; 0    ; 0            ; |Hw1|lpm_mult:Mult0                                                                                                         ; work         ;
;       |multcore:mult_core|                     ; 17 (9)            ; 0 (0)        ; 0                 ; 0            ; 0       ; 0         ; 0         ; 0    ; 0            ; |Hw1|lpm_mult:Mult0|multcore:mult_core                                                                                      ; work         ;
;          |mpar_add:padder|                     ; 8 (0)             ; 0 (0)        ; 0                 ; 0            ; 0       ; 0         ; 0         ; 0    ; 0            ; |Hw1|lpm_mult:Mult0|multcore:mult_core|mpar_add:padder                                                                      ; work         ;
;             |lpm_add_sub:adder[0]|             ; 4 (0)             ; 0 (0)        ; 0                 ; 0            ; 0       ; 0         ; 0         ; 0    ; 0            ; |Hw1|lpm_mult:Mult0|multcore:mult_core|mpar_add:padder|lpm_add_sub:adder[0]                                                 ; work         ;
;                |add_sub_28h:auto_generated|    ; 4 (4)             ; 0 (0)        ; 0                 ; 0            ; 0       ; 0         ; 0         ; 0    ; 0            ; |Hw1|lpm_mult:Mult0|multcore:mult_core|mpar_add:padder|lpm_add_sub:adder[0]|add_sub_28h:auto_generated                      ; work         ;
;             |mpar_add:sub_par_add|             ; 4 (0)             ; 0 (0)        ; 0                 ; 0            ; 0       ; 0         ; 0         ; 0    ; 0            ; |Hw1|lpm_mult:Mult0|multcore:mult_core|mpar_add:padder|mpar_add:sub_par_add                                                 ; work         ;
;                |lpm_add_sub:adder[0]|          ; 4 (0)             ; 0 (0)        ; 0                 ; 0            ; 0       ; 0         ; 0         ; 0    ; 0            ; |Hw1|lpm_mult:Mult0|multcore:mult_core|mpar_add:padder|mpar_add:sub_par_add|lpm_add_sub:adder[0]                            ; work         ;
;                   |add_sub_38h:auto_generated| ; 4 (4)             ; 0 (0)        ; 0                 ; 0            ; 0       ; 0         ; 0         ; 0    ; 0            ; |Hw1|lpm_mult:Mult0|multcore:mult_core|mpar_add:padder|mpar_add:sub_par_add|lpm_add_sub:adder[0]|add_sub_38h:auto_generated ; work         ;
+------------------------------------------------+-------------------+--------------+-------------------+--------------+---------+-----------+-----------+------+--------------+-----------------------------------------------------------------------------------------------------------------------------+--------------+
Note: For table entries with two numbers listed, the numbers in parentheses indicate the number of resources of the given type used by the specific entity alone. The numbers listed outside of parentheses indicate the total resources of the given type used by the specific entity and all of its sub-entities in the hierarchy.


+------------------------------------------------------+
; General Register Statistics                          ;
+----------------------------------------------+-------+
; Statistic                                    ; Value ;
+----------------------------------------------+-------+
; Total registers                              ; 0     ;
; Number of registers using Synchronous Clear  ; 0     ;
; Number of registers using Synchronous Load   ; 0     ;
; Number of registers using Asynchronous Clear ; 0     ;
; Number of registers using Asynchronous Load  ; 0     ;
; Number of registers using Clock Enable       ; 0     ;
; Number of registers using Preset             ; 0     ;
+----------------------------------------------+-------+


+------------------------------------------------------------------------------------------------------------------------------------------+
; Multiplexer Restructuring Statistics (Restructuring Performed)                                                                           ;
+--------------------+-----------+---------------+----------------------+------------------------+------------+----------------------------+
; Multiplexer Inputs ; Bus Width ; Baseline Area ; Area if Restructured ; Saving if Restructured ; Registered ; Example Multiplexer Output ;
+--------------------+-----------+---------------+----------------------+------------------------+------------+----------------------------+
; 5:1                ; 6 bits    ; 18 ALUTs      ; 18 ALUTs             ; 0 ALUTs                ; No         ; |Hw1|Y~17                  ;
+--------------------+-----------+---------------+----------------------+------------------------+------------+----------------------------+


+-----------------------------------------------------------------------------------+
; Parameter Settings for Inferred Entity Instance: lpm_mult:Mult0                   ;
+------------------------------------------------+------------+---------------------+
; Parameter Name                                 ; Value      ; Type                ;
+------------------------------------------------+------------+---------------------+
; AUTO_CARRY_CHAINS                              ; ON         ; AUTO_CARRY          ;
; IGNORE_CARRY_BUFFERS                           ; OFF        ; IGNORE_CARRY        ;
; AUTO_CASCADE_CHAINS                            ; ON         ; AUTO_CASCADE        ;
; IGNORE_CASCADE_BUFFERS                         ; OFF        ; IGNORE_CASCADE      ;
; LPM_WIDTHA                                     ; 3          ; Untyped             ;
; LPM_WIDTHB                                     ; 3          ; Untyped             ;
; LPM_WIDTHP                                     ; 6          ; Untyped             ;
; LPM_WIDTHR                                     ; 6          ; Untyped             ;
; LPM_WIDTHS                                     ; 1          ; Untyped             ;
; LPM_REPRESENTATION                             ; UNSIGNED   ; Untyped             ;
; LPM_PIPELINE                                   ; 0          ; Untyped             ;
; LATENCY                                        ; 0          ; Untyped             ;
; INPUT_A_IS_CONSTANT                            ; NO         ; Untyped             ;
; INPUT_B_IS_CONSTANT                            ; NO         ; Untyped             ;
; USE_EAB                                        ; OFF        ; Untyped             ;
; MAXIMIZE_SPEED                                 ; 5          ; Untyped             ;
; DEVICE_FAMILY                                  ; Stratix II ; Untyped             ;
; CARRY_CHAIN                                    ; MANUAL     ; Untyped             ;
; APEX20K_TECHNOLOGY_MAPPER                      ; LUT        ; TECH_MAPPER_APEX20K ;
; DEDICATED_MULTIPLIER_CIRCUITRY                 ; AUTO       ; Untyped             ;
; DEDICATED_MULTIPLIER_MIN_INPUT_WIDTH_FOR_AUTO  ; 0          ; Untyped             ;
; DEDICATED_MULTIPLIER_MIN_OUTPUT_WIDTH_FOR_AUTO ; 0          ; Untyped             ;
; CBXI_PARAMETER                                 ; NOTHING    ; Untyped             ;
; INPUT_A_FIXED_VALUE                            ; Bx         ; Untyped             ;
; INPUT_B_FIXED_VALUE                            ; Bx         ; Untyped             ;
; USE_AHDL_IMPLEMENTATION                        ; OFF        ; Untyped             ;
+------------------------------------------------+------------+---------------------+
Note: In order to hide this table in the UI and the text report file, please set the "Show Parameter Settings Tables in Synthesis Report" option in "Analysis and Synthesis Settings -> More Settings" to "Off".


+--------------------------------------------------------+
; lpm_mult Parameter Settings by Entity Instance         ;
+---------------------------------------+----------------+
; Name                                  ; Value          ;
+---------------------------------------+----------------+
; Number of entity instances            ; 1              ;
; Entity Instance                       ; lpm_mult:Mult0 ;
;     -- LPM_WIDTHA                     ; 3              ;
;     -- LPM_WIDTHB                     ; 3              ;
;     -- LPM_WIDTHP                     ; 6              ;
;     -- LPM_REPRESENTATION             ; UNSIGNED       ;
;     -- INPUT_A_IS_CONSTANT            ; NO             ;
;     -- INPUT_B_IS_CONSTANT            ; NO             ;
;     -- USE_EAB                        ; OFF            ;
;     -- DEDICATED_MULTIPLIER_CIRCUITRY ; AUTO           ;
;     -- INPUT_A_FIXED_VALUE            ; Bx             ;
;     -- INPUT_B_FIXED_VALUE            ; Bx             ;
+---------------------------------------+----------------+


+-------------------------------+
; Analysis & Synthesis Messages ;
+-------------------------------+
Info: *******************************************************************
Info: Running Quartus II Analysis & Synthesis
    Info: Version 9.0 Build 235 06/17/2009 Service Pack 2 SJ Web Edition
    Info: Processing started: Fri Nov 03 22:56:37 2017
Info: Command: quartus_map --read_settings_files=on --write_settings_files=off Hw1 -c Hw1
Info: Found 2 design units, including 1 entities, in source file Hw1.vhd
    Info: Found design unit 1: Hw1-Hw1_arch
    Info: Found entity 1: Hw1
Info: Elaborating entity "Hw1" for the top level hierarchy
Info: Inferred 1 megafunctions from design logic
    Info: Inferred multiplier megafunction ("lpm_mult") from the following logic: "Mult0"
Info: Elaborated megafunction instantiation "lpm_mult:Mult0"
Info: Instantiated megafunction "lpm_mult:Mult0" with the following parameter:
    Info: Parameter "LPM_WIDTHA" = "3"
    Info: Parameter "LPM_WIDTHB" = "3"
    Info: Parameter "LPM_WIDTHP" = "6"
    Info: Parameter "LPM_WIDTHR" = "6"
    Info: Parameter "LPM_WIDTHS" = "1"
    Info: Parameter "LPM_REPRESENTATION" = "UNSIGNED"
    Info: Parameter "INPUT_A_IS_CONSTANT" = "NO"
    Info: Parameter "INPUT_B_IS_CONSTANT" = "NO"
    Info: Parameter "MAXIMIZE_SPEED" = "5"
    Info: Parameter "DEDICATED_MULTIPLIER_CIRCUITRY" = "AUTO"
Info: Elaborated megafunction instantiation "lpm_mult:Mult0|multcore:mult_core", which is child of megafunction instantiation "lpm_mult:Mult0"
Info: Elaborated megafunction instantiation "lpm_mult:Mult0|multcore:mult_core|mpar_add:padder", which is child of megafunction instantiation "lpm_mult:Mult0"
Info: Elaborated megafunction instantiation "lpm_mult:Mult0|multcore:mult_core|mpar_add:padder|lpm_add_sub:adder[0]", which is child of megafunction instantiation "lpm_mult:Mult0"
Info: Found 1 design units, including 1 entities, in source file db/add_sub_28h.tdf
    Info: Found entity 1: add_sub_28h
Info: Elaborated megafunction instantiation "lpm_mult:Mult0|multcore:mult_core|mpar_add:padder|mpar_add:sub_par_add", which is child of megafunction instantiation "lpm_mult:Mult0"
Info: Elaborated megafunction instantiation "lpm_mult:Mult0|multcore:mult_core|mpar_add:padder|mpar_add:sub_par_add|lpm_add_sub:adder[0]", which is child of megafunction instantiation "lpm_mult:Mult0"
Info: Found 1 design units, including 1 entities, in source file db/add_sub_38h.tdf
    Info: Found entity 1: add_sub_38h
Info: Elaborated megafunction instantiation "lpm_mult:Mult0|altshift:external_latency_ffs", which is child of megafunction instantiation "lpm_mult:Mult0"
Info: Implemented 84 device resources after synthesis - the final resource count might be different
    Info: Implemented 20 input pins
    Info: Implemented 6 output pins
    Info: Implemented 58 logic cells
Info: Quartus II Analysis & Synthesis was successful. 0 errors, 0 warnings
    Info: Peak virtual memory: 264 megabytes
    Info: Processing ended: Fri Nov 03 22:56:45 2017
    Info: Elapsed time: 00:00:08
    Info: Total CPU time (on all processors): 00:00:03


