Flow report for my_memory
Fri Jan 12 23:11:57 2018
Quartus II Version 9.0 Build 235 06/17/2009 Service Pack 2 SJ Web Edition


---------------------
; Table of Contents ;
---------------------
  1. Legal Notice
  2. Flow Summary
  3. Flow Settings
  4. Flow Non-Default Global Settings
  5. Flow Elapsed Time
  6. Flow OS Summary
  7. Flow Log



----------------
; Legal Notice ;
----------------
Copyright (C) 1991-2009 Altera Corporation
Your use of Altera Corporation's design tools, logic functions 
and other software and tools, and its AMPP partner logic 
functions, and any output files from any of the foregoing 
(including device programming or simulation files), and any 
associated documentation or information are expressly subject 
to the terms and conditions of the Altera Program License 
Subscription Agreement, Altera MegaCore Function License 
Agreement, or other applicable license agreement, including, 
without limitation, that your use is for the sole purpose of 
programming logic devices manufactured by Altera and sold by 
Altera or its authorized distributors.  Please refer to the 
applicable agreement for further details.



+------------------------------------------------------------------------------+
; Flow Summary                                                                 ;
+-------------------------------+----------------------------------------------+
; Flow Status                   ; Successful - Fri Jan 12 23:11:57 2018        ;
; Quartus II Version            ; 9.0 Build 235 06/17/2009 SP 2 SJ Web Edition ;
; Revision Name                 ; my_memory                                    ;
; Top-level Entity Name         ; memory                                       ;
; Family                        ; Stratix II                                   ;
; Met timing requirements       ; Yes                                          ;
; Logic utilization             ; < 1 %                                        ;
;     Combinational ALUTs       ; 36 / 12,480 ( < 1 % )                        ;
;     Dedicated logic registers ; 29 / 12,480 ( < 1 % )                        ;
; Total registers               ; 29                                           ;
; Total pins                    ; 78 / 343 ( 23 % )                            ;
; Total virtual pins            ; 0                                            ;
; Total block memory bits       ; 16,384 / 419,328 ( 4 % )                     ;
; DSP block 9-bit elements      ; 0 / 96 ( 0 % )                               ;
; Total PLLs                    ; 0 / 6 ( 0 % )                                ;
; Total DLLs                    ; 0 / 2 ( 0 % )                                ;
; Device                        ; EP2S15F484C3                                 ;
; Timing Models                 ; Final                                        ;
+-------------------------------+----------------------------------------------+


+-----------------------------------------+
; Flow Settings                           ;
+-------------------+---------------------+
; Option            ; Setting             ;
+-------------------+---------------------+
; Start date & time ; 01/12/2018 23:11:49 ;
; Main task         ; Compilation         ;
; Revision Name     ; my_memory           ;
+-------------------+---------------------+


+--------------------------------------------------------------------------------------------------------------------+
; Flow Non-Default Global Settings                                                                                   ;
+------------------------------------+--------------------------------+---------------+-------------+----------------+
; Assignment Name                    ; Value                          ; Default Value ; Entity Name ; Section Id     ;
+------------------------------------+--------------------------------+---------------+-------------+----------------+
; COMPILER_SIGNATURE_ID              ; 61762886511182.151576990812568 ; --            ; --          ; --             ;
; IP_TOOL_NAME                       ; FIFO                           ; --            ; --          ; --             ;
; IP_TOOL_NAME                       ; RAM: 2-PORT                    ; --            ; --          ; --             ;
; IP_TOOL_VERSION                    ; 9.0                            ; --            ; --          ; --             ;
; IP_TOOL_VERSION                    ; 9.0                            ; --            ; --          ; --             ;
; MISC_FILE                          ; memory_bb.v                    ; --            ; --          ; --             ;
; MISC_FILE                          ; mega_memory_bb.v               ; --            ; --          ; --             ;
; PARTITION_COLOR                    ; 16764057                       ; --            ; memory      ; Top            ;
; PARTITION_NETLIST_TYPE             ; SOURCE                         ; --            ; memory      ; Top            ;
; TOP_LEVEL_ENTITY                   ; memory                         ; my_memory     ; --          ; --             ;
; USE_GENERATED_PHYSICAL_CONSTRAINTS ; Off                            ; --            ; --          ; eda_blast_fpga ;
+------------------------------------+--------------------------------+---------------+-------------+----------------+


+-----------------------------------------------------------------------------------------------------------------------------+
; Flow Elapsed Time                                                                                                           ;
+-------------------------+--------------+-------------------------+---------------------+------------------------------------+
; Module Name             ; Elapsed Time ; Average Processors Used ; Peak Virtual Memory ; Total CPU Time (on all processors) ;
+-------------------------+--------------+-------------------------+---------------------+------------------------------------+
; Analysis & Synthesis    ; 00:00:01     ; 1.0                     ; 253 MB              ; 00:00:01                           ;
; Fitter                  ; 00:00:03     ; 1.0                     ; 308 MB              ; 00:00:03                           ;
; Assembler               ; 00:00:02     ; 1.0                     ; 265 MB              ; 00:00:01                           ;
; Classic Timing Analyzer ; 00:00:00     ; 1.0                     ; 198 MB              ; 00:00:00                           ;
; Total                   ; 00:00:06     ; --                      ; --                  ; 00:00:05                           ;
+-------------------------+--------------+-------------------------+---------------------+------------------------------------+


+------------------------------------------------------------------------------------------+
; Flow OS Summary                                                                          ;
+-------------------------+------------------+---------------+------------+----------------+
; Module Name             ; Machine Hostname ; OS Name       ; OS Version ; Processor type ;
+-------------------------+------------------+---------------+------------+----------------+
; Analysis & Synthesis    ; DESKTOP-75JC36H  ; Windows Vista ; 6.2        ; x86_64         ;
; Fitter                  ; DESKTOP-75JC36H  ; Windows Vista ; 6.2        ; x86_64         ;
; Assembler               ; DESKTOP-75JC36H  ; Windows Vista ; 6.2        ; x86_64         ;
; Classic Timing Analyzer ; DESKTOP-75JC36H  ; Windows Vista ; 6.2        ; x86_64         ;
+-------------------------+------------------+---------------+------------+----------------+


------------
; Flow Log ;
------------
quartus_map --read_settings_files=on --write_settings_files=off my_memory -c my_memory
quartus_fit --read_settings_files=off --write_settings_files=off my_memory -c my_memory
quartus_asm --read_settings_files=off --write_settings_files=off my_memory -c my_memory
quartus_tan --read_settings_files=off --write_settings_files=off my_memory -c my_memory --timing_analysis_only



