Analysis & Synthesis report for my_memory
Fri Jan 12 23:11:50 2018
Quartus II Version 9.0 Build 235 06/17/2009 Service Pack 2 SJ Web Edition


---------------------
; Table of Contents ;
---------------------
  1. Legal Notice
  2. Analysis & Synthesis Summary
  3. Analysis & Synthesis Settings
  4. Analysis & Synthesis Source Files Read
  5. Analysis & Synthesis Resource Usage Summary
  6. Analysis & Synthesis Resource Utilization by Entity
  7. Analysis & Synthesis RAM Summary
  8. General Register Statistics
  9. Source assignments for scfifo:scfifo_component|scfifo_mg31:auto_generated|a_dpfifo_tm31:dpfifo|dpram_i111:FIFOram|altsyncram_c0k1:altsyncram2
 10. Parameter Settings for User Entity Instance: scfifo:scfifo_component
 11. scfifo Parameter Settings by Entity Instance
 12. Analysis & Synthesis Messages



----------------
; Legal Notice ;
----------------
Copyright (C) 1991-2009 Altera Corporation
Your use of Altera Corporation's design tools, logic functions 
and other software and tools, and its AMPP partner logic 
functions, and any output files from any of the foregoing 
(including device programming or simulation files), and any 
associated documentation or information are expressly subject 
to the terms and conditions of the Altera Program License 
Subscription Agreement, Altera MegaCore Function License 
Agreement, or other applicable license agreement, including, 
without limitation, that your use is for the sole purpose of 
programming logic devices manufactured by Altera and sold by 
Altera or its authorized distributors.  Please refer to the 
applicable agreement for further details.



+------------------------------------------------------------------------------+
; Analysis & Synthesis Summary                                                 ;
+-------------------------------+----------------------------------------------+
; Analysis & Synthesis Status   ; Successful - Fri Jan 12 23:11:49 2018        ;
; Quartus II Version            ; 9.0 Build 235 06/17/2009 SP 2 SJ Web Edition ;
; Revision Name                 ; my_memory                                    ;
; Top-level Entity Name         ; memory                                       ;
; Family                        ; Stratix II                                   ;
; Logic utilization             ; N/A                                          ;
;     Combinational ALUTs       ; 36                                           ;
;     Dedicated logic registers ; 29                                           ;
; Total registers               ; 29                                           ;
; Total pins                    ; 78                                           ;
; Total virtual pins            ; 0                                            ;
; Total block memory bits       ; 16,384                                       ;
; DSP block 9-bit elements      ; 0                                            ;
; Total PLLs                    ; 0                                            ;
; Total DLLs                    ; 0                                            ;
+-------------------------------+----------------------------------------------+


+--------------------------------------------------------------------------------------------------------+
; Analysis & Synthesis Settings                                                                          ;
+--------------------------------------------------------------+--------------------+--------------------+
; Option                                                       ; Setting            ; Default Value      ;
+--------------------------------------------------------------+--------------------+--------------------+
; Top-level entity name                                        ; memory             ; my_memory          ;
; Family name                                                  ; Stratix II         ; Stratix II         ;
; Use Generated Physical Constraints File                      ; Off                ;                    ;
; Use smart compilation                                        ; Off                ; Off                ;
; Restructure Multiplexers                                     ; Auto               ; Auto               ;
; Create Debugging Nodes for IP Cores                          ; Off                ; Off                ;
; Preserve fewer node names                                    ; On                 ; On                 ;
; Disable OpenCore Plus hardware evaluation                    ; Off                ; Off                ;
; Verilog Version                                              ; Verilog_2001       ; Verilog_2001       ;
; VHDL Version                                                 ; VHDL93             ; VHDL93             ;
; State Machine Processing                                     ; Auto               ; Auto               ;
; Safe State Machine                                           ; Off                ; Off                ;
; Extract Verilog State Machines                               ; On                 ; On                 ;
; Extract VHDL State Machines                                  ; On                 ; On                 ;
; Ignore Verilog initial constructs                            ; Off                ; Off                ;
; Iteration limit for constant Verilog loops                   ; 5000               ; 5000               ;
; Iteration limit for non-constant Verilog loops               ; 250                ; 250                ;
; Add Pass-Through Logic to Inferred RAMs                      ; On                 ; On                 ;
; Parallel Synthesis                                           ; Off                ; Off                ;
; DSP Block Balancing                                          ; Auto               ; Auto               ;
; NOT Gate Push-Back                                           ; On                 ; On                 ;
; Power-Up Don't Care                                          ; On                 ; On                 ;
; Remove Redundant Logic Cells                                 ; Off                ; Off                ;
; Remove Duplicate Registers                                   ; On                 ; On                 ;
; Ignore CARRY Buffers                                         ; Off                ; Off                ;
; Ignore CASCADE Buffers                                       ; Off                ; Off                ;
; Ignore GLOBAL Buffers                                        ; Off                ; Off                ;
; Ignore ROW GLOBAL Buffers                                    ; Off                ; Off                ;
; Ignore LCELL Buffers                                         ; Off                ; Off                ;
; Ignore SOFT Buffers                                          ; On                 ; On                 ;
; Limit AHDL Integers to 32 Bits                               ; Off                ; Off                ;
; Optimization Technique                                       ; Balanced           ; Balanced           ;
; Carry Chain Length                                           ; 70                 ; 70                 ;
; Auto Carry Chains                                            ; On                 ; On                 ;
; Auto Open-Drain Pins                                         ; On                 ; On                 ;
; Perform WYSIWYG Primitive Resynthesis                        ; Off                ; Off                ;
; Auto ROM Replacement                                         ; On                 ; On                 ;
; Auto RAM Replacement                                         ; On                 ; On                 ;
; Auto DSP Block Replacement                                   ; On                 ; On                 ;
; Auto Shift Register Replacement                              ; Auto               ; Auto               ;
; Auto Clock Enable Replacement                                ; On                 ; On                 ;
; Strict RAM Replacement                                       ; Off                ; Off                ;
; Allow Synchronous Control Signals                            ; On                 ; On                 ;
; Force Use of Synchronous Clear Signals                       ; Off                ; Off                ;
; Auto RAM Block Balancing                                     ; On                 ; On                 ;
; Auto RAM to Logic Cell Conversion                            ; Off                ; Off                ;
; Auto Resource Sharing                                        ; Off                ; Off                ;
; Allow Any RAM Size For Recognition                           ; Off                ; Off                ;
; Allow Any ROM Size For Recognition                           ; Off                ; Off                ;
; Allow Any Shift Register Size For Recognition                ; Off                ; Off                ;
; Use LogicLock Constraints during Resource Balancing          ; On                 ; On                 ;
; Ignore translate_off and synthesis_off directives            ; Off                ; Off                ;
; Timing-Driven Synthesis                                      ; Off                ; Off                ;
; Show Parameter Settings Tables in Synthesis Report           ; On                 ; On                 ;
; Ignore Maximum Fan-Out Assignments                           ; Off                ; Off                ;
; Synchronization Register Chain Length                        ; 2                  ; 2                  ;
; PowerPlay Power Optimization                                 ; Normal compilation ; Normal compilation ;
; HDL message level                                            ; Level2             ; Level2             ;
; Suppress Register Optimization Related Messages              ; Off                ; Off                ;
; Number of Removed Registers Reported in Synthesis Report     ; 100                ; 100                ;
; Number of Inverted Registers Reported in Synthesis Report    ; 100                ; 100                ;
; Clock MUX Protection                                         ; On                 ; On                 ;
; Auto Gated Clock Conversion                                  ; Off                ; Off                ;
; Block Design Naming                                          ; Auto               ; Auto               ;
; SDC constraint protection                                    ; Off                ; Off                ;
; Synthesis Effort                                             ; Auto               ; Auto               ;
; Shift Register Replacement - Allow Asynchronous Clear Signal ; On                 ; On                 ;
; Analysis & Synthesis Message Level                           ; Medium             ; Medium             ;
+--------------------------------------------------------------+--------------------+--------------------+


+---------------------------------------------------------------------------------------------------------------------------------------------------+
; Analysis & Synthesis Source Files Read                                                                                                            ;
+----------------------------------+-----------------+------------------------------+---------------------------------------------------------------+
; File Name with User-Entered Path ; Used in Netlist ; File Type                    ; File Name with Absolute Path                                  ;
+----------------------------------+-----------------+------------------------------+---------------------------------------------------------------+
; memory.v                         ; yes             ; User Wizard-Generated File   ; D:/OneDrive/106-1/VLSI/Hw6/code/memory.v                      ;
; scfifo.tdf                       ; yes             ; Megafunction                 ; d:/altera/90sp2/quartus/libraries/megafunctions/scfifo.tdf    ;
; a_regfifo.inc                    ; yes             ; Megafunction                 ; d:/altera/90sp2/quartus/libraries/megafunctions/a_regfifo.inc ;
; a_dpfifo.inc                     ; yes             ; Megafunction                 ; d:/altera/90sp2/quartus/libraries/megafunctions/a_dpfifo.inc  ;
; a_i2fifo.inc                     ; yes             ; Megafunction                 ; d:/altera/90sp2/quartus/libraries/megafunctions/a_i2fifo.inc  ;
; a_fffifo.inc                     ; yes             ; Megafunction                 ; d:/altera/90sp2/quartus/libraries/megafunctions/a_fffifo.inc  ;
; a_f2fifo.inc                     ; yes             ; Megafunction                 ; d:/altera/90sp2/quartus/libraries/megafunctions/a_f2fifo.inc  ;
; aglobal90.inc                    ; yes             ; Megafunction                 ; d:/altera/90sp2/quartus/libraries/megafunctions/aglobal90.inc ;
; db/scfifo_mg31.tdf               ; yes             ; Auto-Generated Megafunction  ; D:/OneDrive/106-1/VLSI/Hw6/code/db/scfifo_mg31.tdf            ;
; db/a_dpfifo_tm31.tdf             ; yes             ; Auto-Generated Megafunction  ; D:/OneDrive/106-1/VLSI/Hw6/code/db/a_dpfifo_tm31.tdf          ;
; db/a_fefifo_s7f.tdf              ; yes             ; Auto-Generated Megafunction  ; D:/OneDrive/106-1/VLSI/Hw6/code/db/a_fefifo_s7f.tdf           ;
; db/cntr_0l7.tdf                  ; yes             ; Auto-Generated Megafunction  ; D:/OneDrive/106-1/VLSI/Hw6/code/db/cntr_0l7.tdf               ;
; db/dpram_i111.tdf                ; yes             ; Auto-Generated Megafunction  ; D:/OneDrive/106-1/VLSI/Hw6/code/db/dpram_i111.tdf             ;
; db/altsyncram_c0k1.tdf           ; yes             ; Auto-Generated Megafunction  ; D:/OneDrive/106-1/VLSI/Hw6/code/db/altsyncram_c0k1.tdf        ;
; db/cntr_kkb.tdf                  ; yes             ; Auto-Generated Megafunction  ; D:/OneDrive/106-1/VLSI/Hw6/code/db/cntr_kkb.tdf               ;
+----------------------------------+-----------------+------------------------------+---------------------------------------------------------------+


+-------------------------------------------------------+
; Analysis & Synthesis Resource Usage Summary           ;
+-----------------------------------------------+-------+
; Resource                                      ; Usage ;
+-----------------------------------------------+-------+
; Estimated ALUTs Used                          ; 36    ;
; Dedicated logic registers                     ; 29    ;
;                                               ;       ;
; Estimated ALUTs Unavailable                   ; 0     ;
;                                               ;       ;
; Total combinational functions                 ; 36    ;
; Combinational ALUT usage by number of inputs  ;       ;
;     -- 7 input functions                      ; 0     ;
;     -- 6 input functions                      ; 1     ;
;     -- 5 input functions                      ; 4     ;
;     -- 4 input functions                      ; 1     ;
;     -- <=3 input functions                    ; 30    ;
;                                               ;       ;
; Combinational ALUTs by mode                   ;       ;
;     -- normal mode                            ; 9     ;
;     -- extended LUT mode                      ; 0     ;
;     -- arithmetic mode                        ; 27    ;
;     -- shared arithmetic mode                 ; 0     ;
;                                               ;       ;
; Estimated ALUT/register pairs used            ; 36    ;
;                                               ;       ;
; Total registers                               ; 29    ;
;     -- Dedicated logic registers              ; 29    ;
;     -- I/O registers                          ; 0     ;
;                                               ;       ;
; Estimated ALMs:  partially or completely used ; 18    ;
;                                               ;       ;
; I/O pins                                      ; 78    ;
; Total block memory bits                       ; 16384 ;
; Maximum fan-out node                          ; clock ;
; Maximum fan-out                               ; 61    ;
; Total fan-out                                 ; 927   ;
; Average fan-out                               ; 5.30  ;
+-----------------------------------------------+-------+


+----------------------------------------------------------------------------------------------------------------------------------------------------------------------------------------------------------------------------------------------------------------------------------------------------------------------------+
; Analysis & Synthesis Resource Utilization by Entity                                                                                                                                                                                                                                                                        ;
+----------------------------------------------+-------------------+--------------+-------------------+--------------+---------+-----------+-----------+------+--------------+--------------------------------------------------------------------------------------------------------------------------------+--------------+
; Compilation Hierarchy Node                   ; LC Combinationals ; LC Registers ; Block Memory Bits ; DSP Elements ; DSP 9x9 ; DSP 18x18 ; DSP 36x36 ; Pins ; Virtual Pins ; Full Hierarchy Name                                                                                                            ; Library Name ;
+----------------------------------------------+-------------------+--------------+-------------------+--------------+---------+-----------+-----------+------+--------------+--------------------------------------------------------------------------------------------------------------------------------+--------------+
; |memory                                      ; 36 (0)            ; 29 (0)       ; 16384             ; 0            ; 0       ; 0         ; 0         ; 78   ; 0            ; |memory                                                                                                                        ; work         ;
;    |scfifo:scfifo_component|                 ; 36 (0)            ; 29 (0)       ; 16384             ; 0            ; 0       ; 0         ; 0         ; 0    ; 0            ; |memory|scfifo:scfifo_component                                                                                                ; work         ;
;       |scfifo_mg31:auto_generated|           ; 36 (0)            ; 29 (0)       ; 16384             ; 0            ; 0       ; 0         ; 0         ; 0    ; 0            ; |memory|scfifo:scfifo_component|scfifo_mg31:auto_generated                                                                     ; work         ;
;          |a_dpfifo_tm31:dpfifo|              ; 36 (2)            ; 29 (0)       ; 16384             ; 0            ; 0       ; 0         ; 0         ; 0    ; 0            ; |memory|scfifo:scfifo_component|scfifo_mg31:auto_generated|a_dpfifo_tm31:dpfifo                                                ; work         ;
;             |a_fefifo_s7f:fifo_state|        ; 16 (7)            ; 11 (2)       ; 0                 ; 0            ; 0       ; 0         ; 0         ; 0    ; 0            ; |memory|scfifo:scfifo_component|scfifo_mg31:auto_generated|a_dpfifo_tm31:dpfifo|a_fefifo_s7f:fifo_state                        ; work         ;
;                |cntr_0l7:count_usedw|        ; 9 (9)             ; 9 (9)        ; 0                 ; 0            ; 0       ; 0         ; 0         ; 0    ; 0            ; |memory|scfifo:scfifo_component|scfifo_mg31:auto_generated|a_dpfifo_tm31:dpfifo|a_fefifo_s7f:fifo_state|cntr_0l7:count_usedw   ; work         ;
;             |cntr_kkb:rd_ptr_count|          ; 9 (9)             ; 9 (9)        ; 0                 ; 0            ; 0       ; 0         ; 0         ; 0    ; 0            ; |memory|scfifo:scfifo_component|scfifo_mg31:auto_generated|a_dpfifo_tm31:dpfifo|cntr_kkb:rd_ptr_count                          ; work         ;
;             |cntr_kkb:wr_ptr|                ; 9 (9)             ; 9 (9)        ; 0                 ; 0            ; 0       ; 0         ; 0         ; 0    ; 0            ; |memory|scfifo:scfifo_component|scfifo_mg31:auto_generated|a_dpfifo_tm31:dpfifo|cntr_kkb:wr_ptr                                ; work         ;
;             |dpram_i111:FIFOram|             ; 0 (0)             ; 0 (0)        ; 16384             ; 0            ; 0       ; 0         ; 0         ; 0    ; 0            ; |memory|scfifo:scfifo_component|scfifo_mg31:auto_generated|a_dpfifo_tm31:dpfifo|dpram_i111:FIFOram                             ; work         ;
;                |altsyncram_c0k1:altsyncram2| ; 0 (0)             ; 0 (0)        ; 16384             ; 0            ; 0       ; 0         ; 0         ; 0    ; 0            ; |memory|scfifo:scfifo_component|scfifo_mg31:auto_generated|a_dpfifo_tm31:dpfifo|dpram_i111:FIFOram|altsyncram_c0k1:altsyncram2 ; work         ;
+----------------------------------------------+-------------------+--------------+-------------------+--------------+---------+-----------+-----------+------+--------------+--------------------------------------------------------------------------------------------------------------------------------+--------------+
Note: For table entries with two numbers listed, the numbers in parentheses indicate the number of resources of the given type used by the specific entity alone. The numbers listed outside of parentheses indicate the total resources of the given type used by the specific entity and all of its sub-entities in the hierarchy.


+----------------------------------------------------------------------------------------------------------------------------------------------------------------------------------------------------------------------------------------+
; Analysis & Synthesis RAM Summary                                                                                                                                                                                                       ;
+-----------------------------------------------------------------------------------------------------------------------------------+------+------------------+--------------+--------------+--------------+--------------+-------+------+
; Name                                                                                                                              ; Type ; Mode             ; Port A Depth ; Port A Width ; Port B Depth ; Port B Width ; Size  ; MIF  ;
+-----------------------------------------------------------------------------------------------------------------------------------+------+------------------+--------------+--------------+--------------+--------------+-------+------+
; scfifo:scfifo_component|scfifo_mg31:auto_generated|a_dpfifo_tm31:dpfifo|dpram_i111:FIFOram|altsyncram_c0k1:altsyncram2|ALTSYNCRAM ; AUTO ; Simple Dual Port ; 512          ; 32           ; 512          ; 32           ; 16384 ; None ;
+-----------------------------------------------------------------------------------------------------------------------------------+------+------------------+--------------+--------------+--------------+--------------+-------+------+


+------------------------------------------------------+
; General Register Statistics                          ;
+----------------------------------------------+-------+
; Statistic                                    ; Value ;
+----------------------------------------------+-------+
; Total registers                              ; 29    ;
; Number of registers using Synchronous Clear  ; 0     ;
; Number of registers using Synchronous Load   ; 0     ;
; Number of registers using Asynchronous Clear ; 0     ;
; Number of registers using Asynchronous Load  ; 0     ;
; Number of registers using Clock Enable       ; 27    ;
; Number of registers using Preset             ; 0     ;
+----------------------------------------------+-------+


+-----------------------------------------------------------------------------------------------------------------------------------------------+
; Source assignments for scfifo:scfifo_component|scfifo_mg31:auto_generated|a_dpfifo_tm31:dpfifo|dpram_i111:FIFOram|altsyncram_c0k1:altsyncram2 ;
+---------------------------------+--------------------+------+---------------------------------------------------------------------------------+
; Assignment                      ; Value              ; From ; To                                                                              ;
+---------------------------------+--------------------+------+---------------------------------------------------------------------------------+
; OPTIMIZE_POWER_DURING_SYNTHESIS ; NORMAL_COMPILATION ; -    ; -                                                                               ;
+---------------------------------+--------------------+------+---------------------------------------------------------------------------------+


+----------------------------------------------------------------------+
; Parameter Settings for User Entity Instance: scfifo:scfifo_component ;
+-------------------------+-------------+------------------------------+
; Parameter Name          ; Value       ; Type                         ;
+-------------------------+-------------+------------------------------+
; AUTO_CARRY_CHAINS       ; ON          ; AUTO_CARRY                   ;
; IGNORE_CARRY_BUFFERS    ; OFF         ; IGNORE_CARRY                 ;
; AUTO_CASCADE_CHAINS     ; ON          ; AUTO_CASCADE                 ;
; IGNORE_CASCADE_BUFFERS  ; OFF         ; IGNORE_CASCADE               ;
; lpm_width               ; 32          ; Signed Integer               ;
; LPM_NUMWORDS            ; 512         ; Signed Integer               ;
; LPM_WIDTHU              ; 9           ; Signed Integer               ;
; LPM_SHOWAHEAD           ; OFF         ; Untyped                      ;
; UNDERFLOW_CHECKING      ; ON          ; Untyped                      ;
; OVERFLOW_CHECKING       ; ON          ; Untyped                      ;
; ALLOW_RWCYCLE_WHEN_FULL ; OFF         ; Untyped                      ;
; ADD_RAM_OUTPUT_REGISTER ; OFF         ; Untyped                      ;
; ALMOST_FULL_VALUE       ; 0           ; Untyped                      ;
; ALMOST_EMPTY_VALUE      ; 0           ; Untyped                      ;
; USE_EAB                 ; ON          ; Untyped                      ;
; MAXIMIZE_SPEED          ; 5           ; Untyped                      ;
; DEVICE_FAMILY           ; Stratix II  ; Untyped                      ;
; OPTIMIZE_FOR_SPEED      ; 5           ; Untyped                      ;
; CBXI_PARAMETER          ; scfifo_mg31 ; Untyped                      ;
+-------------------------+-------------+------------------------------+
Note: In order to hide this table in the UI and the text report file, please set the "Show Parameter Settings Tables in Synthesis Report" option in "Analysis and Synthesis Settings -> More Settings" to "Off".


+------------------------------------------------------+
; scfifo Parameter Settings by Entity Instance         ;
+----------------------------+-------------------------+
; Name                       ; Value                   ;
+----------------------------+-------------------------+
; Number of entity instances ; 1                       ;
; Entity Instance            ; scfifo:scfifo_component ;
;     -- FIFO Type           ; Single Clock            ;
;     -- lpm_width           ; 32                      ;
;     -- LPM_NUMWORDS        ; 512                     ;
;     -- LPM_SHOWAHEAD       ; OFF                     ;
;     -- USE_EAB             ; ON                      ;
+----------------------------+-------------------------+


+-------------------------------+
; Analysis & Synthesis Messages ;
+-------------------------------+
Info: *******************************************************************
Info: Running Quartus II Analysis & Synthesis
    Info: Version 9.0 Build 235 06/17/2009 Service Pack 2 SJ Web Edition
    Info: Processing started: Fri Jan 12 23:11:48 2018
Info: Command: quartus_map --read_settings_files=on --write_settings_files=off my_memory -c my_memory
Info: Found 1 design units, including 1 entities, in source file memory.v
    Info: Found entity 1: memory
Info: Found 1 design units, including 1 entities, in source file mega_memory.v
    Info: Found entity 1: mega_memory
Info: Elaborating entity "memory" for the top level hierarchy
Info: Elaborating entity "scfifo" for hierarchy "scfifo:scfifo_component"
Info: Elaborated megafunction instantiation "scfifo:scfifo_component"
Info: Instantiated megafunction "scfifo:scfifo_component" with the following parameter:
    Info: Parameter "add_ram_output_register" = "OFF"
    Info: Parameter "intended_device_family" = "Stratix II"
    Info: Parameter "lpm_numwords" = "512"
    Info: Parameter "lpm_showahead" = "OFF"
    Info: Parameter "lpm_type" = "scfifo"
    Info: Parameter "lpm_width" = "32"
    Info: Parameter "lpm_widthu" = "9"
    Info: Parameter "overflow_checking" = "ON"
    Info: Parameter "underflow_checking" = "ON"
    Info: Parameter "use_eab" = "ON"
Info: Found 1 design units, including 1 entities, in source file db/scfifo_mg31.tdf
    Info: Found entity 1: scfifo_mg31
Info: Elaborating entity "scfifo_mg31" for hierarchy "scfifo:scfifo_component|scfifo_mg31:auto_generated"
Info: Found 1 design units, including 1 entities, in source file db/a_dpfifo_tm31.tdf
    Info: Found entity 1: a_dpfifo_tm31
Info: Elaborating entity "a_dpfifo_tm31" for hierarchy "scfifo:scfifo_component|scfifo_mg31:auto_generated|a_dpfifo_tm31:dpfifo"
Info: Found 1 design units, including 1 entities, in source file db/a_fefifo_s7f.tdf
    Info: Found entity 1: a_fefifo_s7f
Info: Elaborating entity "a_fefifo_s7f" for hierarchy "scfifo:scfifo_component|scfifo_mg31:auto_generated|a_dpfifo_tm31:dpfifo|a_fefifo_s7f:fifo_state"
Info: Found 1 design units, including 1 entities, in source file db/cntr_0l7.tdf
    Info: Found entity 1: cntr_0l7
Info: Elaborating entity "cntr_0l7" for hierarchy "scfifo:scfifo_component|scfifo_mg31:auto_generated|a_dpfifo_tm31:dpfifo|a_fefifo_s7f:fifo_state|cntr_0l7:count_usedw"
Info: Found 1 design units, including 1 entities, in source file db/dpram_i111.tdf
    Info: Found entity 1: dpram_i111
Info: Elaborating entity "dpram_i111" for hierarchy "scfifo:scfifo_component|scfifo_mg31:auto_generated|a_dpfifo_tm31:dpfifo|dpram_i111:FIFOram"
Info: Found 1 design units, including 1 entities, in source file db/altsyncram_c0k1.tdf
    Info: Found entity 1: altsyncram_c0k1
Info: Elaborating entity "altsyncram_c0k1" for hierarchy "scfifo:scfifo_component|scfifo_mg31:auto_generated|a_dpfifo_tm31:dpfifo|dpram_i111:FIFOram|altsyncram_c0k1:altsyncram2"
Info: Found 1 design units, including 1 entities, in source file db/cntr_kkb.tdf
    Info: Found entity 1: cntr_kkb
Info: Elaborating entity "cntr_kkb" for hierarchy "scfifo:scfifo_component|scfifo_mg31:auto_generated|a_dpfifo_tm31:dpfifo|cntr_kkb:rd_ptr_count"
Info: Implemented 146 device resources after synthesis - the final resource count might be different
    Info: Implemented 35 input pins
    Info: Implemented 43 output pins
    Info: Implemented 36 logic cells
    Info: Implemented 32 RAM segments
Info: Quartus II Analysis & Synthesis was successful. 0 errors, 0 warnings
    Info: Peak virtual memory: 253 megabytes
    Info: Processing ended: Fri Jan 12 23:11:50 2018
    Info: Elapsed time: 00:00:02
    Info: Total CPU time (on all processors): 00:00:01


